(---------------------------------------------------------------------)
(                                                                     )
(    Allegro Netrev Import Logic                                      )
(                                                                     )
(    Drawing          : ColpittsOscillator.brd                        )
(    Software Version : 17.2S002                                      )
(    Date/Time        : Thu Apr 06 00:36:15 2017                      )
(                                                                     )
(---------------------------------------------------------------------)


------ Directives ------------

Ripup etch:                  No
Ripup delete first segment:  No
Ripup retain bondwire:       No
Ripup symbols:               Always
Missing symbol has error:    No
DRC update:                  Yes
Schematic directory:         '.'
Design Directory:            'C:/Users/mcarberry/Documents/Git/ColpittsOscillator/ColpittsOscillator/pcb'
Old design name:             'C:/Users/mcarberry/Documents/Git/ColpittsOscillator/ColpittsOscillator/pcb/ColpittsOscillator.brd'
New design name:             'C:/Users/mcarberry/Documents/Git/ColpittsOscillator/ColpittsOscillator/pcb/ColpittsOscillator.brd'

CmdLine: netrev -$ -i . -y 1 -q netrev_constraint_report.xml C:/Users/mcarberry/Documents/Git/ColpittsOscillator/ColpittsOscillator/pcb/#Taaaaal06408.tmp

------ Preparing to read pst files ------

Starting to read ./pstchip.dat 
   Finished reading ./pstchip.dat (00:00:00.06)
Starting to read ./pstxprt.dat 
   Finished reading ./pstxprt.dat (00:00:00.00)
Starting to read ./pstxnet.dat 
   Finished reading ./pstxnet.dat (00:00:00.00)

------ Oversights/Warnings/Errors ------


------ Library Paths ------
MODULEPATH =  ../../lib/modules 
           . 
           C:/Cadence/SPB_17.2/share/local/pcb/modules 

PSMPATH =  ../../lib/symbols 
           . 
           symbols 
           .. 
           ../symbols 
           C:/Cadence/SPB_17.2/share/local/pcb/symbols 
           C:/Cadence/SPB_17.2/share/pcb/pcb_lib/symbols 
           C:/Cadence/SPB_17.2/share/pcb/allegrolib/symbols 

PADPATH =  ../../lib/padstacks 
           ../../lib/symbols 
           . 
           symbols 
           .. 
           ../symbols 
           C:/Cadence/SPB_17.2/share/local/pcb/padstacks 
           C:/Cadence/SPB_17.2/share/pcb/pcb_lib/symbols 
           C:/Cadence/SPB_17.2/share/pcb/allegrolib/symbols 


------ Summary Statistics ------


netrev run on Apr 6 0:36:15 2017
   DESIGN NAME : 'COLPITTSOSCILLATOR'
   PACKAGING ON Mar  2 2016 00:37:24

   COMPILE 'logic'
   CHECK_PIN_NAMES OFF
   CROSS_REFERENCE OFF
   FEEDBACK OFF
   INCREMENTAL OFF
   INTERFACE_TYPE PHYSICAL
   MAX_ERRORS 500
   MERGE_MINIMUM 5
   NET_NAME_CHARS '#%&()*+-./:=>?@[]^_`|'
   NET_NAME_LENGTH 24
   OVERSIGHTS ON
   REPLACE_CHECK OFF
   SINGLE_NODE_NETS ON
   SPLIT_MINIMUM 0
   SUPPRESS   20
   WARNINGS ON

 No error detected
 No oversight detected
 No warning detected

cpu time      0:00:40
elapsed time  0:00:01

