(---------------------------------------------------------------------)
(                                                                     )
(    ARTWORK LOG                                                      )
(                                                                     )
(    Drawing          : ColpittsOscillator.brd                        )
(    Software Version : 17.2S002                                      )
(    Date/Time        : Thu Apr 06 01:00:42 2017                      )
(                                                                     )
(---------------------------------------------------------------------)


 ---- Photoplot outline rectangle not found; using drawing extents.



Results from parameter file ...
    DEVICE-TYPE           GERBER_RS274X
    OUTPUT-UNITS          INCHES
    FILM-SIZE             2400000 1600000
    FORMAT                4.5
    ABORT-ON-ERROR        NO
    SCALE                 1
    SUPPRESS-LEAD-ZEROES  YES
    SUPPRESS-TRAIL-ZEROES NO
    SUPPRESS-EQUAL        YES
    UNDEF-APT-CONT        NO



================================================================
     PROCESSING FILM < TOP >
     TO FILE < C:/Users/mcarberry/Documents/Git/ColpittsOscillator/ColpittsOscillator/pcb/artwork/TOP.art > ...
================================================================

  FILM PARAMETERS :
  ---------------------------------------------------------
  Undefined line width                0.0
  Mirror code                         NONE
  Rotate angle                        NONE
  Offset x:                           0.0
  Offset y:                           0.0
  Plot negative                       NO
  Suppress unconnected internal pads  NO
  Draw holes only                     NO



  APERTURES USED:
  ---------------------------------------------------------
  TYPE       SIZE/NAME                   ROT   MIRROR MODE 
  ---------------------------------------------------------
  CIRCLE     0.03000                                  DARK 
  CIRCLE     0.06000                                  DARK 
  CIRCLE     0.12000                                  DARK 
  CIRCLE     0.15500                                  DARK 
  SQUARE     0.05000                     0.000 NO     DARK 
  RECTANGLE  0.02000     x 0.01700       0.000 NO     DARK 
  RECTANGLE  0.04000     x 0.04800      90.000 NO     DARK 
  RECTANGLE  0.07000     x 0.10000      90.000 NO     DARK 
  RECTANGLE  0.20000     x 0.09000      90.000 NO     DARK 

     TOP created.


================================================================
     PROCESSING FILM < BOTTOM >
     TO FILE < C:/Users/mcarberry/Documents/Git/ColpittsOscillator/ColpittsOscillator/pcb/artwork/BOTTOM.art > ...
================================================================

  FILM PARAMETERS :
  ---------------------------------------------------------
  Undefined line width                0.0
  Mirror code                         NONE
  Rotate angle                        NONE
  Offset x:                           0.0
  Offset y:                           0.0
  Plot negative                       NO
  Suppress unconnected internal pads  NO
  Draw holes only                     NO



  APERTURES USED:
  ---------------------------------------------------------
  TYPE       SIZE/NAME                   ROT   MIRROR MODE 
  ---------------------------------------------------------
  CIRCLE     0.03000                                  DARK 
  CIRCLE     0.06000                                  DARK 
  CIRCLE     0.12000                                  DARK 
  CIRCLE     0.15500                                  DARK 

     BOTTOM created.


================================================================
     PROCESSING FILM < SMT >
     TO FILE < C:/Users/mcarberry/Documents/Git/ColpittsOscillator/ColpittsOscillator/pcb/artwork/SMT.art > ...
================================================================

  FILM PARAMETERS :
  ---------------------------------------------------------
  Undefined line width                0.0
  Mirror code                         NONE
  Rotate angle                        NONE
  Offset x:                           0.0
  Offset y:                           0.0
  Plot negative                       NO
  Suppress unconnected internal pads  NO
  Draw holes only                     NO



  APERTURES USED:
  ---------------------------------------------------------
  TYPE       SIZE/NAME                   ROT   MIRROR MODE 
  ---------------------------------------------------------
  CIRCLE     0.03000                                  DARK 
  CIRCLE     0.05000                                  DARK 
  CIRCLE     0.07500                                  DARK 
  CIRCLE     0.12000                                  DARK 
  CIRCLE     0.15500                                  DARK 
  SQUARE     0.05000                     0.000 NO     DARK 
  RECTANGLE  0.02500     x 0.02200       0.000 NO     DARK 
  RECTANGLE  0.04000     x 0.04800      90.000 NO     DARK 
  RECTANGLE  0.07000     x 0.10000      90.000 NO     DARK 
  RECTANGLE  0.20000     x 0.09000      90.000 NO     DARK 

     SMT created.


================================================================
     PROCESSING FILM < SMB >
     TO FILE < C:/Users/mcarberry/Documents/Git/ColpittsOscillator/ColpittsOscillator/pcb/artwork/SMB.art > ...
================================================================

  FILM PARAMETERS :
  ---------------------------------------------------------
  Undefined line width                0.0
  Mirror code                         NONE
  Rotate angle                        NONE
  Offset x:                           0.0
  Offset y:                           0.0
  Plot negative                       NO
  Suppress unconnected internal pads  NO
  Draw holes only                     NO



  APERTURES USED:
  ---------------------------------------------------------
  TYPE       SIZE/NAME                   ROT   MIRROR MODE 
  ---------------------------------------------------------
  CIRCLE     0.03000                                  DARK 
  CIRCLE     0.07500                                  DARK 
  CIRCLE     0.12000                                  DARK 
  CIRCLE     0.15500                                  DARK 

     SMB created.


================================================================
     PROCESSING FILM < MECH >
     TO FILE < C:/Users/mcarberry/Documents/Git/ColpittsOscillator/ColpittsOscillator/pcb/artwork/MECH.art > ...
================================================================

  FILM PARAMETERS :
  ---------------------------------------------------------
  Undefined line width                0.0
  Mirror code                         NONE
  Rotate angle                        NONE
  Offset x:                           0.0
  Offset y:                           0.0
  Plot negative                       NO
  Suppress unconnected internal pads  NO
  Draw holes only                     NO



  APERTURES USED:
  ---------------------------------------------------------
  TYPE       SIZE/NAME                   ROT   MIRROR MODE 
  ---------------------------------------------------------
  CIRCLE     0.00500                                  DARK 

     MECH created.


------------------------------------------------------
 SUMMARY:
        TOP created.
        BOTTOM created.
        SMT created.
        SMB created.
        MECH created.

 ARTWORK finished
