(---------------------------------------------------------------------)
(                                                                     )
(    QUICKPLACE LOG                                                   )
(                                                                     )
(    Drawing          : ColpittsOscillator.brd                        )
(    Software Version : 17.2S002                                      )
(    Date/Time        : Thu Apr 06 00:08:10 2017                      )
(                                                                     )
(---------------------------------------------------------------------)


State: Placing on layer TOP

         Placed symbol:  C2 / C_VAR_0_MYSTERY_VARCAP_10-47PF_ / MYSTERY_VARCAP_10-47PF at (-928.5 795.5)
         Placed symbol:  R2 / POT_POT_BOURNS_3310_POT / POT_BOURNS_3310 at (-360.5 910.5)
         Placed symbol:  R1 / RESISTOR_SMR0805_RESISTOR / SMR0805 at (-121.5 551.0)


Placed 3 of 3 applicable (3 total) symbols.

-----------------------------------------------------------------------

State: Placing on layer TOP



Placed 0 of 0 applicable (0 total) symbols.

-----------------------------------------------------------------------

State: Placing on layer TOP



Placed 0 of 0 applicable (0 total) symbols.

-----------------------------------------------------------------------

